<?xml version="1.0" encoding="UTF-8"?>
<testng-results skipped="0" failed="0" ignored="0" total="1" passed="1">
  <reporter-output>
  </reporter-output>
  <suite name="Default suite" duration-ms="54169" started-at="2021-04-25T21:51:51 IST" finished-at="2021-04-25T21:52:45 IST">
    <groups>
      <group name="cucumber">
        <method signature="AbstractTestNGCucumberTests.runScenario(io.cucumber.testng.PickleWrapper, io.cucumber.testng.FeatureWrapper)[pri:0, instance:runner.FileRunner@4d1b0d2a]" name="runScenario" class="io.cucumber.testng.AbstractTestNGCucumberTests"/>
      </group> <!-- cucumber -->
    </groups>
    <test name="Default test" duration-ms="54169" started-at="2021-04-25T21:51:51 IST" finished-at="2021-04-25T21:52:45 IST">
      <class name="runner.FileRunner">
        <test-method status="PASS" signature="setUpClass()[pri:0, instance:runner.FileRunner@4d1b0d2a]" name="setUpClass" is-config="true" duration-ms="421" started-at="2021-04-25T21:51:51 IST" finished-at="2021-04-25T21:51:51 IST">
          <reporter-output>
          </reporter-output>
        </test-method> <!-- setUpClass -->
        <test-method status="PASS" signature="launchBrowser()[pri:0, instance:runner.FileRunner@4d1b0d2a]" name="launchBrowser" is-config="true" duration-ms="6240" started-at="2021-04-25T21:51:51 IST" finished-at="2021-04-25T21:51:58 IST">
          <reporter-output>
          </reporter-output>
        </test-method> <!-- launchBrowser -->
        <test-method status="PASS" signature="runScenario(io.cucumber.testng.PickleWrapper, io.cucumber.testng.FeatureWrapper)[pri:0, instance:runner.FileRunner@4d1b0d2a]" name="runScenario" duration-ms="46088" started-at="2021-04-25T21:51:58 IST" description="Runs Cucumber Scenarios" data-provider="scenarios" finished-at="2021-04-25T21:52:44 IST">
          <params>
            <param index="0">
              <value>
                <![CDATA[""]]>
              </value>
            </param>
            <param index="1">
              <value>
                <![CDATA["Optional[Assessment File Verification]"]]>
              </value>
            </param>
          </params>
          <reporter-output>
          </reporter-output>
        </test-method> <!-- runScenario -->
        <test-method status="PASS" signature="tearDownClass()[pri:0, instance:runner.FileRunner@4d1b0d2a]" name="tearDownClass" is-config="true" duration-ms="1391" started-at="2021-04-25T21:52:44 IST" finished-at="2021-04-25T21:52:45 IST">
          <reporter-output>
          </reporter-output>
        </test-method> <!-- tearDownClass -->
      </class> <!-- runner.FileRunner -->
    </test> <!-- Default test -->
  </suite> <!-- Default suite -->
</testng-results>
